<?xml version="1.0" encoding="UTF-8"?>
<!-- Generated by org.testng.reporters.JUnitReportReporter -->
<testsuite hostname="DESKTOP-T9NU8TR" failures="0" tests="1" name="testCases.TC001_AccountRegistrationTest" time="4.514" errors="0" timestamp="2025-06-11T16:43:43 IST" skipped="0">
  <testcase classname="testCases.TC001_AccountRegistrationTest" name="verify_account_registration" time="4.514"/>
</testsuite> <!-- testCases.TC001_AccountRegistrationTest -->
