<?xml version="1.0" encoding="UTF-8"?>
<!-- Generated by org.testng.reporters.JUnitReportReporter -->
<testsuite hostname="DESKTOP-T9NU8TR" failures="0" tests="1" name="testCases.TC002_LoginTest" time="3.156" errors="0" timestamp="2025-06-11T16:43:43 IST" skipped="0">
  <testcase classname="testCases.TC002_LoginTest" name="verify_login" time="3.156"/>
</testsuite> <!-- testCases.TC002_LoginTest -->
