<?xml version="1.0" encoding="UTF-8"?>
<!-- Generated by org.testng.reporters.JUnitReportReporter -->
<testsuite hostname="DESKTOP-T9NU8TR" failures="0" tests="3" name="testCases.TC003_LoginDDT" time="16.466" errors="0" timestamp="2025-06-11T13:03:39 IST" skipped="0">
  <testcase classname="testCases.TC003_LoginDDT" name="verify_loginDDT" time="11.896"/>
  <testcase classname="testCases.TC003_LoginDDT" name="verify_loginDDT" time="2.304"/>
  <testcase classname="testCases.TC003_LoginDDT" name="verify_loginDDT" time="2.266"/>
</testsuite> <!-- testCases.TC003_LoginDDT -->
