<?xml version="1.0" encoding="UTF-8"?>
<!-- Generated by org.testng.reporters.JUnitReportReporter -->
<testsuite hostname="DESKTOP-T9NU8TR" failures="0" tests="1" name="testCases.TC001_AccountRegistrationTest" time="3.358" errors="0" timestamp="2025-06-11T17:36:44 IST" skipped="0">
  <testcase classname="testCases.TC001_AccountRegistrationTest" name="verify_account_registration" time="3.358"/>
</testsuite> <!-- testCases.TC001_AccountRegistrationTest -->
