<?xml version="1.0" encoding="UTF-8"?>
<!-- Generated by org.testng.reporters.JUnitReportReporter -->
<testsuite hostname="DESKTOP-T9NU8TR" failures="0" tests="1" name="testCases.TC002_LoginTest" time="2.574" errors="0" timestamp="2025-06-11T17:36:44 IST" skipped="0">
  <testcase classname="testCases.TC002_LoginTest" name="verify_login" time="2.574"/>
</testsuite> <!-- testCases.TC002_LoginTest -->
